  CMyApp.cpp
  _WIN32_WINNT not defined. Defaulting to _WIN32_WINNT_MAXVER (see WinSDKVer.h)
  CMyDialog.cpp
  _WIN32_WINNT not defined. Defaulting to _WIN32_WINNT_MAXVER (see WinSDKVer.h)
C:\Users\dmiroshnyk\Desktop\KG_LAB_6_7\CMyDialog.cpp(161,1): warning C4996: 'itoa': The POSIX name for this item is deprecated. Instead, use the ISO C and C++ conformant name: _itoa. See online help for details.
C:\Program Files (x86)\Windows Kits\10\Include\10.0.18362.0\ucrt\stdlib.h(1323): message : see declaration of 'itoa'
C:\Users\dmiroshnyk\Desktop\KG_LAB_6_7\CMyDialog.cpp(165,1): warning C4996: 'itoa': The POSIX name for this item is deprecated. Instead, use the ISO C and C++ conformant name: _itoa. See online help for details.
C:\Program Files (x86)\Windows Kits\10\Include\10.0.18362.0\ucrt\stdlib.h(1323): message : see declaration of 'itoa'
C:\Users\dmiroshnyk\Desktop\KG_LAB_6_7\CMyDialog.cpp(169,1): warning C4996: 'itoa': The POSIX name for this item is deprecated. Instead, use the ISO C and C++ conformant name: _itoa. See online help for details.
C:\Program Files (x86)\Windows Kits\10\Include\10.0.18362.0\ucrt\stdlib.h(1323): message : see declaration of 'itoa'
C:\Users\dmiroshnyk\Desktop\KG_LAB_6_7\CMyDialog.cpp(221,9): warning C4244: 'argument': conversion from 'double' to 'int', possible loss of data
C:\Users\dmiroshnyk\Desktop\KG_LAB_6_7\CMyDialog.cpp(228,8): warning C4244: 'argument': conversion from 'double' to 'int', possible loss of data
C:\Users\dmiroshnyk\Desktop\KG_LAB_6_7\CMyDialog.cpp(235,11): warning C4244: 'argument': conversion from 'double' to 'int', possible loss of data
C:\Users\dmiroshnyk\Desktop\KG_LAB_6_7\CMyDialog.cpp(266,11): warning C4244: 'argument': conversion from 'double' to 'int', possible loss of data
C:\Users\dmiroshnyk\Desktop\KG_LAB_6_7\CMyDialog.cpp(221,1): warning C4996: 'itoa': The POSIX name for this item is deprecated. Instead, use the ISO C and C++ conformant name: _itoa. See online help for details.
C:\Program Files (x86)\Windows Kits\10\Include\10.0.18362.0\ucrt\stdlib.h(1323): message : see declaration of 'itoa'
C:\Users\dmiroshnyk\Desktop\KG_LAB_6_7\CMyDialog.cpp(228,1): warning C4996: 'itoa': The POSIX name for this item is deprecated. Instead, use the ISO C and C++ conformant name: _itoa. See online help for details.
C:\Program Files (x86)\Windows Kits\10\Include\10.0.18362.0\ucrt\stdlib.h(1323): message : see declaration of 'itoa'
C:\Users\dmiroshnyk\Desktop\KG_LAB_6_7\CMyDialog.cpp(235,1): warning C4996: 'itoa': The POSIX name for this item is deprecated. Instead, use the ISO C and C++ conformant name: _itoa. See online help for details.
C:\Program Files (x86)\Windows Kits\10\Include\10.0.18362.0\ucrt\stdlib.h(1323): message : see declaration of 'itoa'
C:\Users\dmiroshnyk\Desktop\KG_LAB_6_7\CMyDialog.cpp(246,1): warning C4996: 'itoa': The POSIX name for this item is deprecated. Instead, use the ISO C and C++ conformant name: _itoa. See online help for details.
C:\Program Files (x86)\Windows Kits\10\Include\10.0.18362.0\ucrt\stdlib.h(1323): message : see declaration of 'itoa'
C:\Users\dmiroshnyk\Desktop\KG_LAB_6_7\CMyDialog.cpp(250,1): warning C4996: 'itoa': The POSIX name for this item is deprecated. Instead, use the ISO C and C++ conformant name: _itoa. See online help for details.
C:\Program Files (x86)\Windows Kits\10\Include\10.0.18362.0\ucrt\stdlib.h(1323): message : see declaration of 'itoa'
C:\Users\dmiroshnyk\Desktop\KG_LAB_6_7\CMyDialog.cpp(254,1): warning C4996: 'itoa': The POSIX name for this item is deprecated. Instead, use the ISO C and C++ conformant name: _itoa. See online help for details.
C:\Program Files (x86)\Windows Kits\10\Include\10.0.18362.0\ucrt\stdlib.h(1323): message : see declaration of 'itoa'
C:\Users\dmiroshnyk\Desktop\KG_LAB_6_7\CMyDialog.cpp(266,1): warning C4996: 'itoa': The POSIX name for this item is deprecated. Instead, use the ISO C and C++ conformant name: _itoa. See online help for details.
C:\Program Files (x86)\Windows Kits\10\Include\10.0.18362.0\ucrt\stdlib.h(1323): message : see declaration of 'itoa'
C:\Users\dmiroshnyk\Desktop\KG_LAB_6_7\CMyDialog.cpp(278,1): warning C4996: 'itoa': The POSIX name for this item is deprecated. Instead, use the ISO C and C++ conformant name: _itoa. See online help for details.
C:\Program Files (x86)\Windows Kits\10\Include\10.0.18362.0\ucrt\stdlib.h(1323): message : see declaration of 'itoa'
C:\Users\dmiroshnyk\Desktop\KG_LAB_6_7\CMyDialog.cpp(282,1): warning C4996: 'itoa': The POSIX name for this item is deprecated. Instead, use the ISO C and C++ conformant name: _itoa. See online help for details.
C:\Program Files (x86)\Windows Kits\10\Include\10.0.18362.0\ucrt\stdlib.h(1323): message : see declaration of 'itoa'
C:\Users\dmiroshnyk\Desktop\KG_LAB_6_7\CMyDialog.cpp(286,1): warning C4996: 'itoa': The POSIX name for this item is deprecated. Instead, use the ISO C and C++ conformant name: _itoa. See online help for details.
C:\Program Files (x86)\Windows Kits\10\Include\10.0.18362.0\ucrt\stdlib.h(1323): message : see declaration of 'itoa'
  CMyFigure.cpp
  _WIN32_WINNT not defined. Defaulting to _WIN32_WINNT_MAXVER (see WinSDKVer.h)
  CMyMainWnd.cpp
  _WIN32_WINNT not defined. Defaulting to _WIN32_WINNT_MAXVER (see WinSDKVer.h)
  CMyPaint.cpp
  _WIN32_WINNT not defined. Defaulting to _WIN32_WINNT_MAXVER (see WinSDKVer.h)
  Generating code
  Previous IPDB not found, fall back to full compilation.
  All 293 functions were compiled because no usable IPDB/IOBJ from previous compilation was found.
  Finished generating code
  CG_doit_6.vcxproj -> C:\Users\dmiroshnyk\Desktop\KG_LAB_6_7\Release\CG_doit_6.exe
